[2017-04-19 14:47:03.617] [jointLog] [info] parsing read library format
[2017-04-19 14:47:03.619] [jointLog] [info] There is 1 library.
[2017-04-19 14:47:03.683] [jointLog] [info] Loading Quasi index
[2017-04-19 14:47:03.686] [jointLog] [info] Loading 32-bit quasi index
[2017-04-19 14:49:46.703] [jointLog] [info] done
[2017-04-19 14:49:46.703] [jointLog] [info] Index contained 82198 targets
[2017-04-19 15:23:23.711] [jointLog] [info] Computed 99489 rich equivalence classes for further processing
[2017-04-19 15:23:25.785] [fileLog] [info] 
At end of round 0
==================
Observed 18029841 total fragments (18029841 in most recent round)

[2017-04-19 15:23:23.711] [jointLog] [info] Counted 17700335 total reads in the equivalence classes 
[2017-04-19 15:23:29.332] [jointLog] [warning] 0.0103495% of fragments were shorter than the k used to build the index (31).
If this fraction is too large, consider re-building the index with a smaller k.
The minimum read size found was 20.


[2017-04-19 15:23:29.332] [jointLog] [info] Mapping rate = 98.1724%

[2017-04-19 15:23:29.332] [jointLog] [info] finished quantifyLibrary()
[2017-04-19 15:23:29.350] [jointLog] [info] Starting optimizer
[2017-04-19 15:23:32.914] [jointLog] [info] Marked 0 weighted equivalence classes as degenerate
[2017-04-19 15:23:32.926] [jointLog] [info] iteration = 0 | max rel diff. = 81.9309
[2017-04-19 15:23:33.033] [jointLog] [info] iteration 11, adjusting effective lengths to account for biases
[2017-04-19 15:24:02.024] [jointLog] [info] Computed expected counts (for bias correction)
[2017-04-19 15:24:02.029] [jointLog] [info] processed bias for 0.0% of the transcripts
[2017-04-19 15:24:26.285] [jointLog] [info] processed bias for 10.0% of the transcripts
[2017-04-19 15:24:51.903] [jointLog] [info] processed bias for 20.0% of the transcripts
[2017-04-19 15:25:14.362] [jointLog] [info] processed bias for 30.0% of the transcripts
[2017-04-19 15:25:35.479] [jointLog] [info] processed bias for 40.0% of the transcripts
[2017-04-19 15:25:57.495] [jointLog] [info] processed bias for 50.0% of the transcripts
[2017-04-19 15:26:18.967] [jointLog] [info] processed bias for 60.0% of the transcripts
[2017-04-19 15:26:40.391] [jointLog] [info] processed bias for 70.0% of the transcripts
[2017-04-19 15:27:07.409] [jointLog] [info] processed bias for 80.0% of the transcripts
[2017-04-19 15:27:19.190] [jointLog] [info] processed bias for 100.0% of the transcripts
[2017-04-19 15:27:19.950] [jointLog] [info] iteration = 100 | max rel diff. = 0.120282
[2017-04-19 15:27:20.887] [jointLog] [info] iteration = 200 | max rel diff. = 0.0594027
[2017-04-19 15:27:21.735] [jointLog] [info] iteration = 300 | max rel diff. = 0.0398861
[2017-04-19 15:27:22.759] [jointLog] [info] iteration = 400 | max rel diff. = 0.0308894
[2017-04-19 15:27:23.597] [jointLog] [info] iteration = 500 | max rel diff. = 0.0228944
[2017-04-19 15:27:24.438] [jointLog] [info] iteration = 600 | max rel diff. = 0.0338847
[2017-04-19 15:27:25.589] [jointLog] [info] iteration = 700 | max rel diff. = 0.0176085
[2017-04-19 15:27:26.660] [jointLog] [info] iteration = 800 | max rel diff. = 0.0154535
[2017-04-19 15:27:27.507] [jointLog] [info] iteration = 900 | max rel diff. = 0.0118981
[2017-04-19 15:27:28.254] [jointLog] [info] iteration = 1000 | max rel diff. = 0.0117714
[2017-04-19 15:27:28.856] [jointLog] [info] iteration = 1080 | max rel diff. = 0.00996364
[2017-04-19 15:27:28.862] [jointLog] [info] Finished optimizer
[2017-04-19 15:27:28.862] [jointLog] [info] writing output 

[2017-04-19 15:27:39.028] [jointLog] [info] Starting Bootstrapping
[2017-04-19 15:27:39.058] [jointLog] [info] Will draw 30 bootstrap samples
[2017-04-19 15:27:39.058] [jointLog] [info] Optimizing over 99489 equivalence classes
[2017-04-19 15:27:39.064] [jointLog] [info] Marked 0 weighted equivalence classes as degenerate
[2017-04-19 15:27:45.945] [jointLog] [info] wrote 1 bootstraps
[2017-04-19 15:27:53.753] [jointLog] [info] wrote 2 bootstraps
[2017-04-19 15:28:00.668] [jointLog] [info] wrote 3 bootstraps
[2017-04-19 15:28:07.496] [jointLog] [info] wrote 4 bootstraps
[2017-04-19 15:28:15.459] [jointLog] [info] wrote 5 bootstraps
[2017-04-19 15:28:24.209] [jointLog] [info] wrote 6 bootstraps
[2017-04-19 15:28:34.337] [jointLog] [info] wrote 7 bootstraps
[2017-04-19 15:28:43.346] [jointLog] [info] wrote 8 bootstraps
[2017-04-19 15:28:52.582] [jointLog] [info] wrote 9 bootstraps
[2017-04-19 15:29:03.076] [jointLog] [info] wrote 10 bootstraps
[2017-04-19 15:29:11.823] [jointLog] [info] wrote 11 bootstraps
[2017-04-19 15:29:21.236] [jointLog] [info] wrote 12 bootstraps
[2017-04-19 15:29:30.562] [jointLog] [info] wrote 13 bootstraps
[2017-04-19 15:29:40.491] [jointLog] [info] wrote 14 bootstraps
[2017-04-19 15:29:50.457] [jointLog] [info] wrote 15 bootstraps
[2017-04-19 15:29:58.395] [jointLog] [info] wrote 16 bootstraps
[2017-04-19 15:30:07.805] [jointLog] [info] wrote 17 bootstraps
[2017-04-19 15:30:18.361] [jointLog] [info] wrote 18 bootstraps
[2017-04-19 15:30:34.640] [jointLog] [info] wrote 19 bootstraps
[2017-04-19 15:30:43.861] [jointLog] [info] wrote 20 bootstraps
[2017-04-19 15:30:53.978] [jointLog] [info] wrote 21 bootstraps
[2017-04-19 15:31:02.144] [jointLog] [info] wrote 22 bootstraps
[2017-04-19 15:31:12.192] [jointLog] [info] wrote 23 bootstraps
[2017-04-19 15:31:21.350] [jointLog] [info] wrote 24 bootstraps
[2017-04-19 15:31:33.420] [jointLog] [info] wrote 25 bootstraps
[2017-04-19 15:31:40.423] [jointLog] [info] wrote 26 bootstraps
[2017-04-19 15:31:50.573] [jointLog] [info] wrote 27 bootstraps
[2017-04-19 15:32:01.150] [jointLog] [info] wrote 28 bootstraps
[2017-04-19 15:32:10.027] [jointLog] [info] wrote 29 bootstraps
[2017-04-19 15:32:20.221] [jointLog] [info] wrote 30 bootstraps
[2017-04-19 15:32:20.236] [jointLog] [info] Finished Bootstrapping
[2017-04-20 09:36:50.501] [jointLog] [info] parsing read library format
[2017-04-20 09:36:50.501] [jointLog] [info] There is 1 library.
[2017-04-20 09:36:50.551] [jointLog] [info] Loading Quasi index
[2017-04-20 09:36:50.554] [jointLog] [info] Loading 32-bit quasi index
[2017-04-20 09:36:57.393] [jointLog] [info] done
[2017-04-20 09:36:57.393] [jointLog] [info] Index contained 82198 targets
[2017-04-20 09:45:01.740] [jointLog] [info] Computed 99489 rich equivalence classes for further processing
[2017-04-20 09:45:02.413] [fileLog] [info] 
At end of round 0
==================
Observed 18029841 total fragments (18029841 in most recent round)

[2017-04-20 09:45:01.740] [jointLog] [info] Counted 17700335 total reads in the equivalence classes 
[2017-04-20 09:45:04.689] [jointLog] [warning] 0.0103495% of fragments were shorter than the k used to build the index (31).
If this fraction is too large, consider re-building the index with a smaller k.
The minimum read size found was 20.


[2017-04-20 09:45:04.689] [jointLog] [info] Mapping rate = 98.1724%

[2017-04-20 09:45:04.689] [jointLog] [info] finished quantifyLibrary()
[2017-04-20 09:45:04.828] [jointLog] [info] Starting optimizer
[2017-04-20 09:45:04.887] [jointLog] [info] Marked 0 weighted equivalence classes as degenerate
[2017-04-20 09:45:04.894] [jointLog] [info] iteration = 0 | max rel diff. = 81.93
[2017-04-20 09:45:04.962] [jointLog] [info] iteration 11, adjusting effective lengths to account for biases
[2017-04-20 09:45:16.325] [jointLog] [info] Computed expected counts (for bias correction)
[2017-04-20 09:45:16.327] [jointLog] [info] processed bias for 0.0% of the transcripts
[2017-04-20 09:45:28.613] [jointLog] [info] processed bias for 10.0% of the transcripts
[2017-04-20 09:45:39.654] [jointLog] [info] processed bias for 20.0% of the transcripts
[2017-04-20 09:45:51.833] [jointLog] [info] processed bias for 30.0% of the transcripts
[2017-04-20 09:46:04.109] [jointLog] [info] processed bias for 40.0% of the transcripts
[2017-04-20 09:46:15.930] [jointLog] [info] processed bias for 50.0% of the transcripts
[2017-04-20 09:46:27.970] [jointLog] [info] processed bias for 60.0% of the transcripts
[2017-04-20 09:46:39.528] [jointLog] [info] processed bias for 70.0% of the transcripts
[2017-04-20 09:46:50.575] [jointLog] [info] processed bias for 80.0% of the transcripts
[2017-04-20 09:46:55.390] [jointLog] [info] processed bias for 100.0% of the transcripts
[2017-04-20 09:46:56.057] [jointLog] [info] iteration = 100 | max rel diff. = 0.121173
[2017-04-20 09:46:56.796] [jointLog] [info] iteration = 200 | max rel diff. = 0.0593878
[2017-04-20 09:46:57.548] [jointLog] [info] iteration = 300 | max rel diff. = 0.0400002
[2017-04-20 09:46:58.319] [jointLog] [info] iteration = 400 | max rel diff. = 0.0309749
[2017-04-20 09:46:59.065] [jointLog] [info] iteration = 500 | max rel diff. = 0.0227957
[2017-04-20 09:46:59.808] [jointLog] [info] iteration = 600 | max rel diff. = 0.0325619
[2017-04-20 09:47:00.579] [jointLog] [info] iteration = 700 | max rel diff. = 0.0177421
[2017-04-20 09:47:01.400] [jointLog] [info] iteration = 800 | max rel diff. = 0.0154093
[2017-04-20 09:47:02.182] [jointLog] [info] iteration = 900 | max rel diff. = 0.0119107
[2017-04-20 09:47:02.910] [jointLog] [info] iteration = 1000 | max rel diff. = 0.0115535
[2017-04-20 09:47:03.275] [jointLog] [info] iteration = 1052 | max rel diff. = 0.00995408
[2017-04-20 09:47:03.279] [jointLog] [info] Finished optimizer
[2017-04-20 09:47:03.279] [jointLog] [info] writing output 

[2017-04-20 09:47:03.488] [jointLog] [info] Starting Bootstrapping
[2017-04-20 09:47:03.519] [jointLog] [info] Will draw 30 bootstrap samples
[2017-04-20 09:47:03.519] [jointLog] [info] Optimizing over 99489 equivalence classes
[2017-04-20 09:47:03.525] [jointLog] [info] Marked 0 weighted equivalence classes as degenerate
[2017-04-20 09:47:13.404] [jointLog] [info] wrote 1 bootstraps
[2017-04-20 09:47:20.980] [jointLog] [info] wrote 2 bootstraps
[2017-04-20 09:47:27.117] [jointLog] [info] wrote 3 bootstraps
[2017-04-20 09:47:34.069] [jointLog] [info] wrote 4 bootstraps
[2017-04-20 09:47:41.995] [jointLog] [info] wrote 5 bootstraps
[2017-04-20 09:47:49.218] [jointLog] [info] wrote 6 bootstraps
[2017-04-20 09:47:56.030] [jointLog] [info] wrote 7 bootstraps
[2017-04-20 09:48:03.665] [jointLog] [info] wrote 8 bootstraps
[2017-04-20 09:48:11.174] [jointLog] [info] wrote 9 bootstraps
[2017-04-20 09:48:19.545] [jointLog] [info] wrote 10 bootstraps
[2017-04-20 09:48:28.737] [jointLog] [info] wrote 11 bootstraps
[2017-04-20 09:48:38.811] [jointLog] [info] wrote 12 bootstraps
[2017-04-20 09:48:45.369] [jointLog] [info] wrote 13 bootstraps
[2017-04-20 09:48:52.472] [jointLog] [info] wrote 14 bootstraps
[2017-04-20 09:49:00.489] [jointLog] [info] wrote 15 bootstraps
[2017-04-20 09:49:08.456] [jointLog] [info] wrote 16 bootstraps
[2017-04-20 09:49:16.810] [jointLog] [info] wrote 17 bootstraps
[2017-04-20 09:49:25.104] [jointLog] [info] wrote 18 bootstraps
[2017-04-20 09:49:33.373] [jointLog] [info] wrote 19 bootstraps
[2017-04-20 09:49:41.973] [jointLog] [info] wrote 20 bootstraps
[2017-04-20 09:49:50.044] [jointLog] [info] wrote 21 bootstraps
[2017-04-20 09:49:58.145] [jointLog] [info] wrote 22 bootstraps
[2017-04-20 09:50:06.240] [jointLog] [info] wrote 23 bootstraps
[2017-04-20 09:50:14.854] [jointLog] [info] wrote 24 bootstraps
[2017-04-20 09:50:23.149] [jointLog] [info] wrote 25 bootstraps
[2017-04-20 09:50:30.406] [jointLog] [info] wrote 26 bootstraps
[2017-04-20 09:50:36.840] [jointLog] [info] wrote 27 bootstraps
[2017-04-20 09:50:44.543] [jointLog] [info] wrote 28 bootstraps
[2017-04-20 09:50:52.569] [jointLog] [info] wrote 29 bootstraps
[2017-04-20 09:51:00.906] [jointLog] [info] wrote 30 bootstraps
[2017-04-20 09:51:00.916] [jointLog] [info] Finished Bootstrapping
