[2017-04-20 11:46:00.810] [jointLog] [info] parsing read library format
[2017-04-20 11:46:00.810] [jointLog] [info] There is 1 library.
[2017-04-20 11:46:00.888] [jointLog] [info] Loading Quasi index
[2017-04-20 11:46:00.891] [jointLog] [info] Loading 32-bit quasi index
[2017-04-20 11:46:06.283] [jointLog] [info] done
[2017-04-20 11:46:06.283] [jointLog] [info] Index contained 82198 targets
[2017-04-20 11:49:10.131] [jointLog] [info] Computed 99624 rich equivalence classes for further processing
[2017-04-20 11:49:10.131] [jointLog] [info] Counted 17535980 total reads in the equivalence classes 
[2017-04-20 11:49:10.139] [jointLog] [warning] 0.00621127% of fragments were shorter than the k used to build the index (31).
If this fraction is too large, consider re-building the index with a smaller k.
The minimum read size found was 20.


[2017-04-20 11:49:10.139] [jointLog] [info] Mapping rate = 98.3039%

[2017-04-20 11:49:10.139] [jointLog] [info] finished quantifyLibrary()
[2017-04-20 11:49:10.169] [jointLog] [info] Starting optimizer
[2017-04-20 11:49:10.226] [jointLog] [info] Marked 0 weighted equivalence classes as degenerate
[2017-04-20 11:49:10.236] [jointLog] [info] iteration = 0 | max rel diff. = 81.811
[2017-04-20 11:49:10.133] [fileLog] [info] 
At end of round 0
==================
Observed 17838545 total fragments (17838545 in most recent round)

[2017-04-20 11:49:10.318] [jointLog] [info] iteration 11, adjusting effective lengths to account for biases
[2017-04-20 11:49:18.941] [jointLog] [info] Computed expected counts (for bias correction)
[2017-04-20 11:49:18.942] [jointLog] [info] processed bias for 0.0% of the transcripts
[2017-04-20 11:49:30.060] [jointLog] [info] processed bias for 10.0% of the transcripts
[2017-04-20 11:49:41.061] [jointLog] [info] processed bias for 20.0% of the transcripts
[2017-04-20 11:49:52.357] [jointLog] [info] processed bias for 30.0% of the transcripts
[2017-04-20 11:50:02.840] [jointLog] [info] processed bias for 40.0% of the transcripts
[2017-04-20 11:50:13.104] [jointLog] [info] processed bias for 50.0% of the transcripts
[2017-04-20 11:50:23.498] [jointLog] [info] processed bias for 60.0% of the transcripts
[2017-04-20 11:50:34.012] [jointLog] [info] processed bias for 70.0% of the transcripts
[2017-04-20 11:50:44.344] [jointLog] [info] processed bias for 80.0% of the transcripts
[2017-04-20 11:50:48.855] [jointLog] [info] processed bias for 100.0% of the transcripts
[2017-04-20 11:50:49.312] [jointLog] [info] iteration = 100 | max rel diff. = 0.129457
[2017-04-20 11:50:49.807] [jointLog] [info] iteration = 200 | max rel diff. = 0.0580472
[2017-04-20 11:50:50.303] [jointLog] [info] iteration = 300 | max rel diff. = 0.0374802
[2017-04-20 11:50:50.800] [jointLog] [info] iteration = 400 | max rel diff. = 0.0311376
[2017-04-20 11:50:51.283] [jointLog] [info] iteration = 500 | max rel diff. = 0.0225449
[2017-04-20 11:50:51.761] [jointLog] [info] iteration = 600 | max rel diff. = 0.0192223
[2017-04-20 11:50:52.247] [jointLog] [info] iteration = 700 | max rel diff. = 0.016603
[2017-04-20 11:50:52.729] [jointLog] [info] iteration = 800 | max rel diff. = 0.0138258
[2017-04-20 11:50:53.210] [jointLog] [info] iteration = 900 | max rel diff. = 0.012694
[2017-04-20 11:50:53.705] [jointLog] [info] iteration = 1000 | max rel diff. = 0.0109564
[2017-04-20 11:50:54.203] [jointLog] [info] iteration = 1100 | max rel diff. = 0.0109564
[2017-04-20 11:50:54.696] [jointLog] [info] iteration = 1200 | max rel diff. = 0.011173
[2017-04-20 11:50:54.765] [jointLog] [info] iteration = 1215 | max rel diff. = 0.00885984
[2017-04-20 11:50:54.770] [jointLog] [info] Finished optimizer
[2017-04-20 11:50:54.770] [jointLog] [info] writing output 

[2017-04-20 11:50:54.984] [jointLog] [info] Starting Bootstrapping
[2017-04-20 11:50:55.008] [jointLog] [info] Will draw 30 bootstrap samples
[2017-04-20 11:50:55.008] [jointLog] [info] Optimizing over 99624 equivalence classes
[2017-04-20 11:50:55.013] [jointLog] [info] Marked 0 weighted equivalence classes as degenerate
[2017-04-20 11:51:03.862] [jointLog] [info] wrote 1 bootstraps
[2017-04-20 11:51:10.529] [jointLog] [info] wrote 2 bootstraps
[2017-04-20 11:51:17.171] [jointLog] [info] wrote 3 bootstraps
[2017-04-20 11:51:24.001] [jointLog] [info] wrote 4 bootstraps
[2017-04-20 11:51:30.909] [jointLog] [info] wrote 5 bootstraps
[2017-04-20 11:51:37.065] [jointLog] [info] wrote 6 bootstraps
[2017-04-20 11:51:43.467] [jointLog] [info] wrote 7 bootstraps
[2017-04-20 11:51:50.755] [jointLog] [info] wrote 8 bootstraps
[2017-04-20 11:51:57.510] [jointLog] [info] wrote 9 bootstraps
[2017-04-20 11:52:03.548] [jointLog] [info] wrote 10 bootstraps
[2017-04-20 11:52:09.641] [jointLog] [info] wrote 11 bootstraps
[2017-04-20 11:52:16.040] [jointLog] [info] wrote 12 bootstraps
[2017-04-20 11:52:22.182] [jointLog] [info] wrote 13 bootstraps
[2017-04-20 11:52:31.078] [jointLog] [info] wrote 14 bootstraps
[2017-04-20 11:52:39.041] [jointLog] [info] wrote 15 bootstraps
[2017-04-20 11:52:45.775] [jointLog] [info] wrote 16 bootstraps
[2017-04-20 11:52:52.148] [jointLog] [info] wrote 17 bootstraps
[2017-04-20 11:52:58.549] [jointLog] [info] wrote 18 bootstraps
[2017-04-20 11:53:05.134] [jointLog] [info] wrote 19 bootstraps
[2017-04-20 11:53:11.614] [jointLog] [info] wrote 20 bootstraps
[2017-04-20 11:53:18.155] [jointLog] [info] wrote 21 bootstraps
[2017-04-20 11:53:24.145] [jointLog] [info] wrote 22 bootstraps
[2017-04-20 11:53:31.202] [jointLog] [info] wrote 23 bootstraps
[2017-04-20 11:53:38.905] [jointLog] [info] wrote 24 bootstraps
[2017-04-20 11:53:45.462] [jointLog] [info] wrote 25 bootstraps
[2017-04-20 11:53:50.943] [jointLog] [info] wrote 26 bootstraps
[2017-04-20 11:53:56.724] [jointLog] [info] wrote 27 bootstraps
[2017-04-20 11:54:04.184] [jointLog] [info] wrote 28 bootstraps
[2017-04-20 11:54:10.107] [jointLog] [info] wrote 29 bootstraps
[2017-04-20 11:54:16.633] [jointLog] [info] wrote 30 bootstraps
[2017-04-20 11:54:16.643] [jointLog] [info] Finished Bootstrapping
