[2017-04-20 11:44:55.642] [jointLog] [info] parsing read library format
[2017-04-20 11:44:55.642] [jointLog] [info] There is 1 library.
[2017-04-20 11:44:55.694] [jointLog] [info] Loading Quasi index
[2017-04-20 11:44:55.697] [jointLog] [info] Loading 32-bit quasi index
[2017-04-20 11:45:02.205] [jointLog] [info] done
[2017-04-20 11:45:02.205] [jointLog] [info] Index contained 82198 targets
[2017-04-20 11:49:59.235] [jointLog] [info] Computed 107398 rich equivalence classes for further processing
[2017-04-20 11:49:59.235] [jointLog] [info] Counted 24266110 total reads in the equivalence classes 
[2017-04-20 11:49:59.243] [jointLog] [warning] 0.0067684% of fragments were shorter than the k used to build the index (31).
If this fraction is too large, consider re-building the index with a smaller k.
The minimum read size found was 20.


[2017-04-20 11:49:59.243] [jointLog] [info] Mapping rate = 98.6442%

[2017-04-20 11:49:59.243] [jointLog] [info] finished quantifyLibrary()
[2017-04-20 11:49:59.246] [jointLog] [info] Starting optimizer
[2017-04-20 11:49:59.301] [jointLog] [info] Marked 0 weighted equivalence classes as degenerate
[2017-04-20 11:49:59.307] [jointLog] [info] iteration = 0 | max rel diff. = 105.535
[2017-04-20 11:49:59.357] [jointLog] [info] iteration 11, adjusting effective lengths to account for biases
[2017-04-20 11:49:59.236] [fileLog] [info] 
At end of round 0
==================
Observed 24599622 total fragments (24599622 in most recent round)

[2017-04-20 11:50:08.893] [jointLog] [info] Computed expected counts (for bias correction)
[2017-04-20 11:50:08.894] [jointLog] [info] processed bias for 0.0% of the transcripts
[2017-04-20 11:50:20.344] [jointLog] [info] processed bias for 10.0% of the transcripts
[2017-04-20 11:50:31.042] [jointLog] [info] processed bias for 20.0% of the transcripts
[2017-04-20 11:50:44.049] [jointLog] [info] processed bias for 30.0% of the transcripts
[2017-04-20 11:50:56.426] [jointLog] [info] processed bias for 40.0% of the transcripts
[2017-04-20 11:51:08.094] [jointLog] [info] processed bias for 50.0% of the transcripts
[2017-04-20 11:51:20.090] [jointLog] [info] processed bias for 60.0% of the transcripts
[2017-04-20 11:51:31.586] [jointLog] [info] processed bias for 70.0% of the transcripts
[2017-04-20 11:51:43.384] [jointLog] [info] processed bias for 80.0% of the transcripts
[2017-04-20 11:51:49.921] [jointLog] [info] processed bias for 100.0% of the transcripts
[2017-04-20 11:51:50.401] [jointLog] [info] iteration = 100 | max rel diff. = 0.129302
[2017-04-20 11:51:50.929] [jointLog] [info] iteration = 200 | max rel diff. = 0.0555601
[2017-04-20 11:51:51.460] [jointLog] [info] iteration = 300 | max rel diff. = 0.0407433
[2017-04-20 11:51:52.001] [jointLog] [info] iteration = 400 | max rel diff. = 0.0334499
[2017-04-20 11:51:52.540] [jointLog] [info] iteration = 500 | max rel diff. = 0.0322586
[2017-04-20 11:51:53.077] [jointLog] [info] iteration = 600 | max rel diff. = 0.0448784
[2017-04-20 11:51:53.619] [jointLog] [info] iteration = 700 | max rel diff. = 0.0476683
[2017-04-20 11:51:54.143] [jointLog] [info] iteration = 800 | max rel diff. = 0.0158883
[2017-04-20 11:51:54.668] [jointLog] [info] iteration = 900 | max rel diff. = 0.0173574
[2017-04-20 11:51:55.196] [jointLog] [info] iteration = 1000 | max rel diff. = 0.0124637
[2017-04-20 11:51:55.597] [jointLog] [info] iteration = 1077 | max rel diff. = 0.00982288
[2017-04-20 11:51:55.601] [jointLog] [info] Finished optimizer
[2017-04-20 11:51:55.601] [jointLog] [info] writing output 

[2017-04-20 11:51:55.774] [jointLog] [info] Starting Bootstrapping
[2017-04-20 11:51:55.801] [jointLog] [info] Will draw 30 bootstrap samples
[2017-04-20 11:51:55.801] [jointLog] [info] Optimizing over 107398 equivalence classes
[2017-04-20 11:51:55.807] [jointLog] [info] Marked 0 weighted equivalence classes as degenerate
[2017-04-20 11:52:05.507] [jointLog] [info] wrote 1 bootstraps
[2017-04-20 11:52:15.077] [jointLog] [info] wrote 2 bootstraps
[2017-04-20 11:52:24.460] [jointLog] [info] wrote 3 bootstraps
[2017-04-20 11:52:33.700] [jointLog] [info] wrote 4 bootstraps
[2017-04-20 11:52:43.360] [jointLog] [info] wrote 5 bootstraps
[2017-04-20 11:52:52.981] [jointLog] [info] wrote 6 bootstraps
[2017-04-20 11:53:03.254] [jointLog] [info] wrote 7 bootstraps
[2017-04-20 11:53:12.077] [jointLog] [info] wrote 8 bootstraps
[2017-04-20 11:53:22.442] [jointLog] [info] wrote 9 bootstraps
[2017-04-20 11:53:31.526] [jointLog] [info] wrote 10 bootstraps
[2017-04-20 11:53:40.805] [jointLog] [info] wrote 11 bootstraps
[2017-04-20 11:53:51.058] [jointLog] [info] wrote 12 bootstraps
[2017-04-20 11:54:00.992] [jointLog] [info] wrote 13 bootstraps
[2017-04-20 11:54:11.239] [jointLog] [info] wrote 14 bootstraps
[2017-04-20 11:54:21.139] [jointLog] [info] wrote 15 bootstraps
[2017-04-20 11:54:31.278] [jointLog] [info] wrote 16 bootstraps
[2017-04-20 11:54:40.634] [jointLog] [info] wrote 17 bootstraps
[2017-04-20 11:54:48.987] [jointLog] [info] wrote 18 bootstraps
[2017-04-20 11:54:57.571] [jointLog] [info] wrote 19 bootstraps
[2017-04-20 11:55:07.074] [jointLog] [info] wrote 20 bootstraps
[2017-04-20 11:55:15.746] [jointLog] [info] wrote 21 bootstraps
[2017-04-20 11:55:22.903] [jointLog] [info] wrote 22 bootstraps
[2017-04-20 11:55:30.031] [jointLog] [info] wrote 23 bootstraps
[2017-04-20 11:55:37.504] [jointLog] [info] wrote 24 bootstraps
[2017-04-20 11:55:44.980] [jointLog] [info] wrote 25 bootstraps
[2017-04-20 11:55:52.365] [jointLog] [info] wrote 26 bootstraps
[2017-04-20 11:55:59.188] [jointLog] [info] wrote 27 bootstraps
[2017-04-20 11:56:05.782] [jointLog] [info] wrote 28 bootstraps
[2017-04-20 11:56:13.093] [jointLog] [info] wrote 29 bootstraps
[2017-04-20 11:56:22.715] [jointLog] [info] wrote 30 bootstraps
[2017-04-20 11:56:22.727] [jointLog] [info] Finished Bootstrapping
