[2017-04-20 11:06:12.545] [jointLog] [info] parsing read library format
[2017-04-20 11:06:12.545] [jointLog] [info] There is 1 library.
[2017-04-20 11:06:12.591] [jointLog] [info] Loading Quasi index
[2017-04-20 11:06:12.593] [jointLog] [info] Loading 32-bit quasi index
[2017-04-20 11:06:21.048] [jointLog] [info] done
[2017-04-20 11:06:21.048] [jointLog] [info] Index contained 82198 targets
[2017-04-20 11:22:50.719] [jointLog] [info] Computed 107798 rich equivalence classes for further processing
[2017-04-20 11:22:50.719] [jointLog] [info] Counted 19877857 total reads in the equivalence classes 
[2017-04-20 11:22:50.726] [jointLog] [warning] 0.0100369% of fragments were shorter than the k used to build the index (31).
If this fraction is too large, consider re-building the index with a smaller k.
The minimum read size found was 20.


[2017-04-20 11:22:50.726] [jointLog] [info] Mapping rate = 98.7191%

[2017-04-20 11:22:50.726] [jointLog] [info] finished quantifyLibrary()
[2017-04-20 11:22:50.729] [jointLog] [info] Starting optimizer
[2017-04-20 11:22:50.721] [fileLog] [info] 
At end of round 0
==================
Observed 20135783 total fragments (20135783 in most recent round)

[2017-04-20 11:22:50.786] [jointLog] [info] Marked 0 weighted equivalence classes as degenerate
[2017-04-20 11:22:50.792] [jointLog] [info] iteration = 0 | max rel diff. = 90.0915
[2017-04-20 11:22:50.843] [jointLog] [info] iteration 11, adjusting effective lengths to account for biases
[2017-04-20 11:22:59.545] [jointLog] [info] Computed expected counts (for bias correction)
[2017-04-20 11:22:59.546] [jointLog] [info] processed bias for 0.0% of the transcripts
[2017-04-20 11:23:10.516] [jointLog] [info] processed bias for 10.0% of the transcripts
[2017-04-20 11:23:21.092] [jointLog] [info] processed bias for 20.0% of the transcripts
[2017-04-20 11:23:32.611] [jointLog] [info] processed bias for 30.0% of the transcripts
[2017-04-20 11:23:43.655] [jointLog] [info] processed bias for 40.0% of the transcripts
[2017-04-20 11:23:54.434] [jointLog] [info] processed bias for 50.0% of the transcripts
[2017-04-20 11:24:05.180] [jointLog] [info] processed bias for 60.0% of the transcripts
[2017-04-20 11:24:16.275] [jointLog] [info] processed bias for 70.0% of the transcripts
[2017-04-20 11:24:27.167] [jointLog] [info] processed bias for 80.0% of the transcripts
[2017-04-20 11:24:33.087] [jointLog] [info] processed bias for 100.0% of the transcripts
[2017-04-20 11:24:33.581] [jointLog] [info] iteration = 100 | max rel diff. = 0.123879
[2017-04-20 11:24:34.133] [jointLog] [info] iteration = 200 | max rel diff. = 0.0662521
[2017-04-20 11:24:34.683] [jointLog] [info] iteration = 300 | max rel diff. = 0.0368282
[2017-04-20 11:24:35.234] [jointLog] [info] iteration = 400 | max rel diff. = 0.0305254
[2017-04-20 11:24:35.788] [jointLog] [info] iteration = 500 | max rel diff. = 0.0253957
[2017-04-20 11:24:36.339] [jointLog] [info] iteration = 600 | max rel diff. = 0.0183942
[2017-04-20 11:24:36.890] [jointLog] [info] iteration = 700 | max rel diff. = 0.0162331
[2017-04-20 11:24:37.442] [jointLog] [info] iteration = 800 | max rel diff. = 0.0149373
[2017-04-20 11:24:37.993] [jointLog] [info] iteration = 900 | max rel diff. = 0.0114372
[2017-04-20 11:24:38.546] [jointLog] [info] iteration = 1000 | max rel diff. = 0.011511
[2017-04-20 11:24:39.099] [jointLog] [info] iteration = 1100 | max rel diff. = 0.0123853
[2017-04-20 11:24:39.556] [jointLog] [info] iteration = 1187 | max rel diff. = 0.0097369
[2017-04-20 11:24:39.561] [jointLog] [info] Finished optimizer
[2017-04-20 11:24:39.561] [jointLog] [info] writing output 

[2017-04-20 11:24:39.753] [jointLog] [info] Starting Bootstrapping
[2017-04-20 11:24:39.782] [jointLog] [info] Will draw 30 bootstrap samples
[2017-04-20 11:24:39.782] [jointLog] [info] Optimizing over 107798 equivalence classes
[2017-04-20 11:24:39.789] [jointLog] [info] Marked 0 weighted equivalence classes as degenerate
[2017-04-20 11:24:49.507] [jointLog] [info] wrote 1 bootstraps
[2017-04-20 11:24:59.541] [jointLog] [info] wrote 2 bootstraps
[2017-04-20 11:25:09.519] [jointLog] [info] wrote 3 bootstraps
[2017-04-20 11:25:19.767] [jointLog] [info] wrote 4 bootstraps
[2017-04-20 11:25:29.870] [jointLog] [info] wrote 5 bootstraps
[2017-04-20 11:25:40.165] [jointLog] [info] wrote 6 bootstraps
[2017-04-20 11:25:50.011] [jointLog] [info] wrote 7 bootstraps
[2017-04-20 11:26:00.100] [jointLog] [info] wrote 8 bootstraps
[2017-04-20 11:26:10.801] [jointLog] [info] wrote 9 bootstraps
[2017-04-20 11:26:20.814] [jointLog] [info] wrote 10 bootstraps
[2017-04-20 11:26:31.315] [jointLog] [info] wrote 11 bootstraps
[2017-04-20 11:26:42.048] [jointLog] [info] wrote 12 bootstraps
[2017-04-20 11:26:52.445] [jointLog] [info] wrote 13 bootstraps
[2017-04-20 11:27:03.159] [jointLog] [info] wrote 14 bootstraps
[2017-04-20 11:27:09.993] [jointLog] [info] wrote 15 bootstraps
[2017-04-20 11:27:16.112] [jointLog] [info] wrote 16 bootstraps
[2017-04-20 11:27:22.711] [jointLog] [info] wrote 17 bootstraps
[2017-04-20 11:27:29.085] [jointLog] [info] wrote 18 bootstraps
[2017-04-20 11:27:35.343] [jointLog] [info] wrote 19 bootstraps
[2017-04-20 11:27:42.404] [jointLog] [info] wrote 20 bootstraps
[2017-04-20 11:27:49.035] [jointLog] [info] wrote 21 bootstraps
[2017-04-20 11:27:57.054] [jointLog] [info] wrote 22 bootstraps
[2017-04-20 11:28:03.614] [jointLog] [info] wrote 23 bootstraps
[2017-04-20 11:28:09.743] [jointLog] [info] wrote 24 bootstraps
[2017-04-20 11:28:16.447] [jointLog] [info] wrote 25 bootstraps
[2017-04-20 11:28:23.530] [jointLog] [info] wrote 26 bootstraps
[2017-04-20 11:28:29.910] [jointLog] [info] wrote 27 bootstraps
[2017-04-20 11:28:36.137] [jointLog] [info] wrote 28 bootstraps
[2017-04-20 11:28:42.580] [jointLog] [info] wrote 29 bootstraps
[2017-04-20 11:28:49.363] [jointLog] [info] wrote 30 bootstraps
[2017-04-20 11:28:49.376] [jointLog] [info] Finished Bootstrapping
