[2017-04-19 14:44:43.985] [jointLog] [info] parsing read library format
[2017-04-19 14:44:43.985] [jointLog] [info] There is 1 library.
[2017-04-19 14:44:44.105] [jointLog] [info] Loading Quasi index
[2017-04-19 14:44:44.108] [jointLog] [info] Loading 32-bit quasi index
[2017-04-19 14:45:26.534] [jointLog] [info] done
[2017-04-19 14:45:26.534] [jointLog] [info] Index contained 82198 targets
[2017-04-19 15:07:30.522] [jointLog] [info] Computed 103108 rich equivalence classes for further processing
[2017-04-19 15:07:30.955] [fileLog] [info] 
At end of round 0
==================
Observed 17896293 total fragments (17896293 in most recent round)

[2017-04-19 15:07:30.522] [jointLog] [info] Counted 17616787 total reads in the equivalence classes 
[2017-04-19 15:07:33.949] [jointLog] [warning] 0.0120807% of fragments were shorter than the k used to build the index (31).
If this fraction is too large, consider re-building the index with a smaller k.
The minimum read size found was 20.


[2017-04-19 15:07:33.949] [jointLog] [info] Mapping rate = 98.4382%

[2017-04-19 15:07:33.949] [jointLog] [info] finished quantifyLibrary()
[2017-04-19 15:07:35.045] [jointLog] [info] Starting optimizer
[2017-04-19 15:07:35.130] [jointLog] [info] Marked 0 weighted equivalence classes as degenerate
[2017-04-19 15:07:35.142] [jointLog] [info] iteration = 0 | max rel diff. = 83.2075
[2017-04-19 15:07:35.262] [jointLog] [info] iteration 11, adjusting effective lengths to account for biases
[2017-04-19 15:07:56.660] [jointLog] [info] Computed expected counts (for bias correction)
[2017-04-19 15:07:56.663] [jointLog] [info] processed bias for 0.0% of the transcripts
[2017-04-19 15:08:26.156] [jointLog] [info] processed bias for 10.0% of the transcripts
[2017-04-19 15:08:53.424] [jointLog] [info] processed bias for 20.0% of the transcripts
[2017-04-19 15:09:17.108] [jointLog] [info] processed bias for 30.0% of the transcripts
[2017-04-19 15:09:37.062] [jointLog] [info] processed bias for 40.0% of the transcripts
[2017-04-19 15:09:58.327] [jointLog] [info] processed bias for 50.0% of the transcripts
[2017-04-19 15:10:20.804] [jointLog] [info] processed bias for 60.0% of the transcripts
[2017-04-19 15:10:41.625] [jointLog] [info] processed bias for 70.0% of the transcripts
[2017-04-19 15:11:04.906] [jointLog] [info] processed bias for 80.0% of the transcripts
[2017-04-19 15:11:14.527] [jointLog] [info] processed bias for 100.0% of the transcripts
[2017-04-19 15:11:15.371] [jointLog] [info] iteration = 100 | max rel diff. = 0.162503
[2017-04-19 15:11:16.616] [jointLog] [info] iteration = 200 | max rel diff. = 0.0593222
[2017-04-19 15:11:17.977] [jointLog] [info] iteration = 300 | max rel diff. = 0.0372611
[2017-04-19 15:11:19.097] [jointLog] [info] iteration = 400 | max rel diff. = 0.0318374
[2017-04-19 15:11:20.032] [jointLog] [info] iteration = 500 | max rel diff. = 0.0230303
[2017-04-19 15:11:20.997] [jointLog] [info] iteration = 600 | max rel diff. = 0.0190512
[2017-04-19 15:11:21.945] [jointLog] [info] iteration = 700 | max rel diff. = 0.0164671
[2017-04-19 15:11:22.895] [jointLog] [info] iteration = 800 | max rel diff. = 0.0136614
[2017-04-19 15:11:23.848] [jointLog] [info] iteration = 900 | max rel diff. = 0.0124325
[2017-04-19 15:11:24.794] [jointLog] [info] iteration = 1000 | max rel diff. = 0.0112336
[2017-04-19 15:11:25.791] [jointLog] [info] iteration = 1100 | max rel diff. = 0.0100844
[2017-04-19 15:11:25.861] [jointLog] [info] iteration = 1108 | max rel diff. = 0.00982083
[2017-04-19 15:11:25.868] [jointLog] [info] Finished optimizer
[2017-04-19 15:11:25.868] [jointLog] [info] writing output 

[2017-04-19 15:11:27.178] [jointLog] [info] Starting Bootstrapping
[2017-04-19 15:11:27.235] [jointLog] [info] Will draw 30 bootstrap samples
[2017-04-19 15:11:27.235] [jointLog] [info] Optimizing over 103108 equivalence classes
[2017-04-19 15:11:27.247] [jointLog] [info] Marked 0 weighted equivalence classes as degenerate
[2017-04-19 15:11:39.083] [jointLog] [info] wrote 1 bootstraps
[2017-04-19 15:11:53.448] [jointLog] [info] wrote 2 bootstraps
[2017-04-19 15:12:06.635] [jointLog] [info] wrote 3 bootstraps
[2017-04-19 15:12:16.600] [jointLog] [info] wrote 4 bootstraps
[2017-04-19 15:12:26.887] [jointLog] [info] wrote 5 bootstraps
[2017-04-19 15:12:38.168] [jointLog] [info] wrote 6 bootstraps
[2017-04-19 15:12:48.789] [jointLog] [info] wrote 7 bootstraps
[2017-04-19 15:13:00.410] [jointLog] [info] wrote 8 bootstraps
[2017-04-19 15:13:11.362] [jointLog] [info] wrote 9 bootstraps
[2017-04-19 15:13:21.976] [jointLog] [info] wrote 10 bootstraps
[2017-04-19 15:13:33.146] [jointLog] [info] wrote 11 bootstraps
[2017-04-19 15:13:43.263] [jointLog] [info] wrote 12 bootstraps
[2017-04-19 15:13:53.943] [jointLog] [info] wrote 13 bootstraps
[2017-04-19 15:14:04.237] [jointLog] [info] wrote 14 bootstraps
[2017-04-19 15:14:11.627] [jointLog] [info] wrote 15 bootstraps
[2017-04-19 15:14:22.849] [jointLog] [info] wrote 16 bootstraps
[2017-04-19 15:14:32.854] [jointLog] [info] wrote 17 bootstraps
[2017-04-19 15:14:42.991] [jointLog] [info] wrote 18 bootstraps
[2017-04-19 15:14:52.875] [jointLog] [info] wrote 19 bootstraps
[2017-04-19 15:15:01.497] [jointLog] [info] wrote 20 bootstraps
[2017-04-19 15:15:11.871] [jointLog] [info] wrote 21 bootstraps
[2017-04-19 15:15:20.294] [jointLog] [info] wrote 22 bootstraps
[2017-04-19 15:15:29.032] [jointLog] [info] wrote 23 bootstraps
[2017-04-19 15:15:41.213] [jointLog] [info] wrote 24 bootstraps
[2017-04-19 15:15:50.330] [jointLog] [info] wrote 25 bootstraps
[2017-04-19 15:15:58.937] [jointLog] [info] wrote 26 bootstraps
[2017-04-19 15:16:08.761] [jointLog] [info] wrote 27 bootstraps
[2017-04-19 15:16:19.519] [jointLog] [info] wrote 28 bootstraps
[2017-04-19 15:16:29.502] [jointLog] [info] wrote 29 bootstraps
[2017-04-19 15:16:40.312] [jointLog] [info] wrote 30 bootstraps
[2017-04-19 15:16:40.322] [jointLog] [info] Finished Bootstrapping
[2017-04-20 09:10:40.202] [jointLog] [info] parsing read library format
[2017-04-20 09:10:40.202] [jointLog] [info] There is 1 library.
[2017-04-20 09:10:40.370] [jointLog] [info] Loading Quasi index
[2017-04-20 09:10:40.380] [jointLog] [info] Loading 32-bit quasi index
[2017-04-20 09:10:48.736] [jointLog] [info] done
[2017-04-20 09:10:48.736] [jointLog] [info] Index contained 82198 targets
[2017-04-20 09:18:04.828] [jointLog] [info] Computed 103108 rich equivalence classes for further processing
[2017-04-20 09:18:04.828] [jointLog] [info] Counted 17616787 total reads in the equivalence classes 
[2017-04-20 09:18:04.830] [fileLog] [info] 
At end of round 0
==================
Observed 17896293 total fragments (17896293 in most recent round)

[2017-04-20 09:18:04.837] [jointLog] [warning] 0.0120807% of fragments were shorter than the k used to build the index (31).
If this fraction is too large, consider re-building the index with a smaller k.
The minimum read size found was 20.


[2017-04-20 09:18:04.837] [jointLog] [info] Mapping rate = 98.4382%

[2017-04-20 09:18:04.837] [jointLog] [info] finished quantifyLibrary()
[2017-04-20 09:18:04.847] [jointLog] [info] Starting optimizer
[2017-04-20 09:18:04.920] [jointLog] [info] Marked 0 weighted equivalence classes as degenerate
[2017-04-20 09:18:04.933] [jointLog] [info] iteration = 0 | max rel diff. = 83.2067
[2017-04-20 09:18:05.061] [jointLog] [info] iteration 11, adjusting effective lengths to account for biases
[2017-04-20 09:18:14.934] [jointLog] [info] Computed expected counts (for bias correction)
[2017-04-20 09:18:14.935] [jointLog] [info] processed bias for 0.0% of the transcripts
[2017-04-20 09:18:31.151] [jointLog] [info] processed bias for 10.0% of the transcripts
[2017-04-20 09:18:47.033] [jointLog] [info] processed bias for 20.0% of the transcripts
[2017-04-20 09:19:04.115] [jointLog] [info] processed bias for 30.0% of the transcripts
[2017-04-20 09:19:20.783] [jointLog] [info] processed bias for 40.0% of the transcripts
[2017-04-20 09:19:36.913] [jointLog] [info] processed bias for 50.0% of the transcripts
[2017-04-20 09:19:53.288] [jointLog] [info] processed bias for 60.0% of the transcripts
[2017-04-20 09:20:09.630] [jointLog] [info] processed bias for 70.0% of the transcripts
[2017-04-20 09:20:25.973] [jointLog] [info] processed bias for 80.0% of the transcripts
[2017-04-20 09:20:33.295] [jointLog] [info] processed bias for 100.0% of the transcripts
[2017-04-20 09:20:34.326] [jointLog] [info] iteration = 100 | max rel diff. = 0.160762
[2017-04-20 09:20:35.468] [jointLog] [info] iteration = 200 | max rel diff. = 0.0591687
[2017-04-20 09:20:36.613] [jointLog] [info] iteration = 300 | max rel diff. = 0.0373806
[2017-04-20 09:20:37.639] [jointLog] [info] iteration = 400 | max rel diff. = 0.031835
[2017-04-20 09:20:38.779] [jointLog] [info] iteration = 500 | max rel diff. = 0.0237453
[2017-04-20 09:20:39.919] [jointLog] [info] iteration = 600 | max rel diff. = 0.0190118
[2017-04-20 09:20:41.059] [jointLog] [info] iteration = 700 | max rel diff. = 0.0165249
[2017-04-20 09:20:42.201] [jointLog] [info] iteration = 800 | max rel diff. = 0.0136789
[2017-04-20 09:20:43.343] [jointLog] [info] iteration = 900 | max rel diff. = 0.0124589
[2017-04-20 09:20:44.487] [jointLog] [info] iteration = 1000 | max rel diff. = 0.011265
[2017-04-20 09:20:45.632] [jointLog] [info] iteration = 1100 | max rel diff. = 0.0103686
[2017-04-20 09:20:46.663] [jointLog] [info] iteration = 1191 | max rel diff. = 0.0095439
[2017-04-20 09:20:46.667] [jointLog] [info] Finished optimizer
[2017-04-20 09:20:46.667] [jointLog] [info] writing output 

[2017-04-20 09:20:46.870] [jointLog] [info] Starting Bootstrapping
[2017-04-20 09:20:46.897] [jointLog] [info] Will draw 30 bootstrap samples
[2017-04-20 09:20:46.897] [jointLog] [info] Optimizing over 103108 equivalence classes
[2017-04-20 09:20:46.912] [jointLog] [info] Marked 0 weighted equivalence classes as degenerate
[2017-04-20 09:21:02.586] [jointLog] [info] wrote 1 bootstraps
[2017-04-20 09:21:17.284] [jointLog] [info] wrote 2 bootstraps
[2017-04-20 09:21:31.645] [jointLog] [info] wrote 3 bootstraps
[2017-04-20 09:21:46.339] [jointLog] [info] wrote 4 bootstraps
[2017-04-20 09:22:00.543] [jointLog] [info] wrote 5 bootstraps
[2017-04-20 09:22:14.706] [jointLog] [info] wrote 6 bootstraps
[2017-04-20 09:22:29.223] [jointLog] [info] wrote 7 bootstraps
[2017-04-20 09:22:43.257] [jointLog] [info] wrote 8 bootstraps
[2017-04-20 09:22:57.687] [jointLog] [info] wrote 9 bootstraps
[2017-04-20 09:23:11.361] [jointLog] [info] wrote 10 bootstraps
[2017-04-20 09:23:26.146] [jointLog] [info] wrote 11 bootstraps
[2017-04-20 09:23:40.580] [jointLog] [info] wrote 12 bootstraps
[2017-04-20 09:23:53.855] [jointLog] [info] wrote 13 bootstraps
[2017-04-20 09:24:06.913] [jointLog] [info] wrote 14 bootstraps
[2017-04-20 09:24:20.554] [jointLog] [info] wrote 15 bootstraps
[2017-04-20 09:24:35.166] [jointLog] [info] wrote 16 bootstraps
[2017-04-20 09:24:51.305] [jointLog] [info] wrote 17 bootstraps
[2017-04-20 09:25:06.455] [jointLog] [info] wrote 18 bootstraps
[2017-04-20 09:25:21.978] [jointLog] [info] wrote 19 bootstraps
[2017-04-20 09:25:37.449] [jointLog] [info] wrote 20 bootstraps
[2017-04-20 09:25:52.492] [jointLog] [info] wrote 21 bootstraps
[2017-04-20 09:26:07.460] [jointLog] [info] wrote 22 bootstraps
[2017-04-20 09:26:23.021] [jointLog] [info] wrote 23 bootstraps
[2017-04-20 09:26:39.462] [jointLog] [info] wrote 24 bootstraps
[2017-04-20 09:26:55.276] [jointLog] [info] wrote 25 bootstraps
[2017-04-20 09:27:10.516] [jointLog] [info] wrote 26 bootstraps
[2017-04-20 09:27:25.648] [jointLog] [info] wrote 27 bootstraps
[2017-04-20 09:27:40.077] [jointLog] [info] wrote 28 bootstraps
[2017-04-20 09:27:54.996] [jointLog] [info] wrote 29 bootstraps
[2017-04-20 09:28:10.059] [jointLog] [info] wrote 30 bootstraps
[2017-04-20 09:28:10.070] [jointLog] [info] Finished Bootstrapping
