[2017-04-20 10:53:52.532] [jointLog] [info] parsing read library format
[2017-04-20 10:53:52.532] [jointLog] [info] There is 1 library.
[2017-04-20 10:53:52.584] [jointLog] [info] Loading Quasi index
[2017-04-20 10:53:52.587] [jointLog] [info] Loading 32-bit quasi index
[2017-04-20 10:54:01.023] [jointLog] [info] done
[2017-04-20 10:54:01.023] [jointLog] [info] Index contained 82198 targets
[2017-04-20 10:59:47.968] [jointLog] [info] Computed 103913 rich equivalence classes for further processing
[2017-04-20 10:59:47.968] [jointLog] [info] Counted 18018341 total reads in the equivalence classes 
[2017-04-20 10:59:47.978] [jointLog] [warning] 0.00851013% of fragments were shorter than the k used to build the index (31).
If this fraction is too large, consider re-building the index with a smaller k.
The minimum read size found was 20.


[2017-04-20 10:59:47.978] [jointLog] [info] Mapping rate = 98.4832%

[2017-04-20 10:59:47.978] [jointLog] [info] finished quantifyLibrary()
[2017-04-20 10:59:47.993] [jointLog] [info] Starting optimizer
[2017-04-20 10:59:48.054] [jointLog] [info] Marked 0 weighted equivalence classes as degenerate
[2017-04-20 10:59:48.065] [jointLog] [info] iteration = 0 | max rel diff. = 83.1359
[2017-04-20 10:59:47.970] [fileLog] [info] 
At end of round 0
==================
Observed 18295847 total fragments (18295847 in most recent round)

[2017-04-20 10:59:48.171] [jointLog] [info] iteration 11, adjusting effective lengths to account for biases
[2017-04-20 10:59:58.417] [jointLog] [info] Computed expected counts (for bias correction)
[2017-04-20 10:59:58.419] [jointLog] [info] processed bias for 0.0% of the transcripts
[2017-04-20 11:00:11.172] [jointLog] [info] processed bias for 10.0% of the transcripts
[2017-04-20 11:00:23.517] [jointLog] [info] processed bias for 20.0% of the transcripts
[2017-04-20 11:00:37.170] [jointLog] [info] processed bias for 30.0% of the transcripts
[2017-04-20 11:00:49.841] [jointLog] [info] processed bias for 40.0% of the transcripts
[2017-04-20 11:01:01.215] [jointLog] [info] processed bias for 50.0% of the transcripts
[2017-04-20 11:01:14.017] [jointLog] [info] processed bias for 60.0% of the transcripts
[2017-04-20 11:01:25.802] [jointLog] [info] processed bias for 70.0% of the transcripts
[2017-04-20 11:01:36.794] [jointLog] [info] processed bias for 80.0% of the transcripts
[2017-04-20 11:01:42.360] [jointLog] [info] processed bias for 100.0% of the transcripts
[2017-04-20 11:01:43.020] [jointLog] [info] iteration = 100 | max rel diff. = 0.126105
[2017-04-20 11:01:43.771] [jointLog] [info] iteration = 200 | max rel diff. = 0.0603755
[2017-04-20 11:01:44.533] [jointLog] [info] iteration = 300 | max rel diff. = 0.0568969
[2017-04-20 11:01:45.326] [jointLog] [info] iteration = 400 | max rel diff. = 0.0589292
[2017-04-20 11:01:46.136] [jointLog] [info] iteration = 500 | max rel diff. = 0.0236403
[2017-04-20 11:01:47.137] [jointLog] [info] iteration = 600 | max rel diff. = 0.0206223
[2017-04-20 11:01:48.081] [jointLog] [info] iteration = 700 | max rel diff. = 0.0160446
[2017-04-20 11:01:48.890] [jointLog] [info] iteration = 800 | max rel diff. = 0.0160448
[2017-04-20 11:01:49.684] [jointLog] [info] iteration = 900 | max rel diff. = 0.0133098
[2017-04-20 11:01:50.451] [jointLog] [info] iteration = 1000 | max rel diff. = 0.0113393
[2017-04-20 11:01:51.260] [jointLog] [info] iteration = 1100 | max rel diff. = 0.0112042
[2017-04-20 11:01:51.325] [jointLog] [info] iteration = 1109 | max rel diff. = 0.00999628
[2017-04-20 11:01:51.329] [jointLog] [info] Finished optimizer
[2017-04-20 11:01:51.329] [jointLog] [info] writing output 

[2017-04-20 11:01:52.364] [jointLog] [info] Starting Bootstrapping
[2017-04-20 11:01:52.396] [jointLog] [info] Will draw 30 bootstrap samples
[2017-04-20 11:01:52.396] [jointLog] [info] Optimizing over 103913 equivalence classes
[2017-04-20 11:01:52.403] [jointLog] [info] Marked 0 weighted equivalence classes as degenerate
[2017-04-20 11:01:59.070] [jointLog] [info] wrote 1 bootstraps
[2017-04-20 11:02:05.633] [jointLog] [info] wrote 2 bootstraps
[2017-04-20 11:02:12.270] [jointLog] [info] wrote 3 bootstraps
[2017-04-20 11:02:18.816] [jointLog] [info] wrote 4 bootstraps
[2017-04-20 11:02:25.860] [jointLog] [info] wrote 5 bootstraps
[2017-04-20 11:02:32.098] [jointLog] [info] wrote 6 bootstraps
[2017-04-20 11:02:38.652] [jointLog] [info] wrote 7 bootstraps
[2017-04-20 11:02:46.561] [jointLog] [info] wrote 8 bootstraps
[2017-04-20 11:02:53.946] [jointLog] [info] wrote 9 bootstraps
[2017-04-20 11:03:00.724] [jointLog] [info] wrote 10 bootstraps
[2017-04-20 11:03:08.084] [jointLog] [info] wrote 11 bootstraps
[2017-04-20 11:03:14.804] [jointLog] [info] wrote 12 bootstraps
[2017-04-20 11:03:21.957] [jointLog] [info] wrote 13 bootstraps
[2017-04-20 11:03:28.775] [jointLog] [info] wrote 14 bootstraps
[2017-04-20 11:03:35.352] [jointLog] [info] wrote 15 bootstraps
[2017-04-20 11:03:42.787] [jointLog] [info] wrote 16 bootstraps
[2017-04-20 11:03:50.838] [jointLog] [info] wrote 17 bootstraps
[2017-04-20 11:03:58.841] [jointLog] [info] wrote 18 bootstraps
[2017-04-20 11:04:06.304] [jointLog] [info] wrote 19 bootstraps
[2017-04-20 11:04:12.575] [jointLog] [info] wrote 20 bootstraps
[2017-04-20 11:04:18.307] [jointLog] [info] wrote 21 bootstraps
[2017-04-20 11:04:27.243] [jointLog] [info] wrote 22 bootstraps
[2017-04-20 11:04:32.886] [jointLog] [info] wrote 23 bootstraps
[2017-04-20 11:04:38.680] [jointLog] [info] wrote 24 bootstraps
[2017-04-20 11:04:47.591] [jointLog] [info] wrote 25 bootstraps
[2017-04-20 11:04:54.255] [jointLog] [info] wrote 26 bootstraps
[2017-04-20 11:05:00.794] [jointLog] [info] wrote 27 bootstraps
[2017-04-20 11:05:07.930] [jointLog] [info] wrote 28 bootstraps
[2017-04-20 11:05:15.593] [jointLog] [info] wrote 29 bootstraps
[2017-04-20 11:05:22.612] [jointLog] [info] wrote 30 bootstraps
[2017-04-20 11:05:22.622] [jointLog] [info] Finished Bootstrapping
